<?xml version="1.0" encoding="UTF-8"?>
<!-- Generated by org.testng.reporters.JUnitXMLReporter -->
<testsuite ignored="0" hostname="welcome" failures="1" tests="5" name="Folder02" time="0.133" errors="0" timestamp="2021-08-22T12:45:28 IST">
  <testcase classname="Folder02.Class02" name="method03" time="0.008"/>
  <testcase classname="Folder02.Class02" name="method04" time="0.0">
    <failure type="org.testng.TestNGException" message="
Parameter &amp;apos;name&amp;apos; is required by @Test on method method04 but has not been marked @Optional or defined
in C:\HVNSpace\GitBucket2\TestNgLearn\testng.xml">
      <![CDATA[org.testng.TestNGException: 
Parameter 'name' is required by @Test on method method04 but has not been marked @Optional or defined
in C:\HVNSpace\GitBucket2\TestNgLearn\testng.xml
at java.base/java.util.ArrayList.forEach(ArrayList.java:1511)
... Removed 26 stack frames]]>
    </failure>
  </testcase> <!-- method04 -->
  <testcase classname="Folder02.Class01" name="method01" time="0.013"/>
  <testcase classname="Folder02.Class01" name="method04" time="0.003"/>
  <testcase classname="Folder02.Class01" name="method03" time="0.008"/>
</testsuite> <!-- Folder02 -->
